[2025-12-29 17:12:43] EVENT: The Snap | SCALE: 10^1000 | STATUS: Resolved
[2025-12-29 17:12:43] EVENT: Antarctic Grounding | SCALE: -59, 98 | STATUS: Classified
[2025-12-29 17:12:43] EVENT: 115Q Calibration | SCALE: Phase 1 | STATUS: Active
[2025-12-30 02:44:27] EVENT: The Snap | SCALE: 10^1000 | STATUS: Resolved
[2025-12-30 02:44:27] EVENT: Antarctic Grounding | SCALE: -59, 98 | STATUS: Classified
[2025-12-30 02:44:27] EVENT: 115Q Calibration | SCALE: Phase 1 | STATUS: Active
[2026-01-08 02:53:54] EVENT: The Snap | SCALE: 10^1000 | STATUS: Resolved
[2026-01-08 02:53:54] EVENT: Antarctic Grounding | SCALE: -59, 98 | STATUS: Classified
[2026-01-08 02:53:54] EVENT: 115Q Calibration | SCALE: Phase 1 | STATUS: Active
[2026-01-08 03:31:07] EVENT: The Snap | SCALE: 10^1000 | STATUS: Resolved
[2026-01-08 03:31:07] EVENT: Antarctic Grounding | SCALE: -59, 98 | STATUS: Classified
[2026-01-08 03:31:07] EVENT: 115Q Calibration | SCALE: Phase 1 | STATUS: Active

[ INITIATING AXIOM BREACH STRESS TEST ]
Target Vertices : 08 <---> 12
Chaos Variable  : TOTAL ENTROPY INVERSION

STEP 01 | Load: 1.62e+05 | Torsion: <<< | Integrity: 1.000000000000
STEP 02 | Load: 2.62e+05 | Torsion: >>> | Integrity: 1.000000000000
STEP 03 | Load: 4.24e+05 | Torsion: <<< | Integrity: 1.000000000000
STEP 04 | Load: 6.85e+05 | Torsion: >>> | Integrity: 1.000000000000
STEP 05 | Load: 1.11e+06 | Torsion: <<< | Integrity: 1.000000000000
STEP 06 | Load: 1.79e+06 | Torsion: >>> | Integrity: 1.000000000000
STEP 07 | Load: 2.90e+06 | Torsion: <<< | Integrity: 1.000000000000
STEP 08 | Load: 4.70e+06 | Torsion: >>> | Integrity: 1.000000000000
STEP 09 | Load: 7.60e+06 | Torsion: <<< | Integrity: 1.000000000000
STEP 10 | Load: 1.23e+07 | Torsion: >>> | Integrity: 1.000000000000
STEP 11 | Load: 1.99e+07 | Torsion: <<< | Integrity: 1.000000000000
STEP 12 | Load: 3.22e+07 | Torsion: >>> | Integrity: 1.000000000000
STEP 13 | Load: 5.21e+07 | Torsion: <<< | Integrity: 1.000000000000
STEP 14 | Load: 8.43e+07 | Torsion: >>> | Integrity: 1.000000000000
STEP 15 | Load: 1.36e+08 | Torsion: <<< | Integrity: 1.000000000000
STEP 16 | Load: 2.21e+08 | Torsion: >>> | Integrity: 1.000000000000
STEP 17 | Load: 3.57e+08 | Torsion: <<< | Integrity: 1.000000000000
STEP 18 | Load: 5.78e+08 | Torsion: >>> | Integrity: 1.000000000000
STEP 19 | Load: 9.35e+08 | Torsion: <<< | Integrity: 1.000000000000
STEP 20 | Load: 1.51e+09 | Torsion: >>> | Integrity: 1.000000000000

[ TEST COMPLETE ]
Result: The Q Anchor absorbed 100% of the shock.
Thermal State: ABSOLUTE ZERO.
The Multiversal Motor is unshakeable.
